Arguments: 
  C:\Program Files\nodejs\node.exe C:\Users\nadhe\AppData\Roaming\npm\node_modules\yarn\bin\yarn.js add tropicle

PATH: 
  C:\Program Files\Common Files\Oracle\Java\javapath;C:\Program Files (x86)\Common Files\Oracle\Java\javapath;C:\Program Files (x86)\VMware\VMware Workstation\bin\;C:\Windows\system32;C:\Windows;C:\Windows\System32\Wbem;C:\Windows\System32\WindowsPowerShell\v1.0\;C:\Windows\System32\OpenSSH\;C:\Program Files (x86)\dotnet\;C:\Program Files\nodejs\;C:\Program Files\MongoDB\Server\4.4\bin;C:\Program Files\Git\cmd;C:\flutter\bin;C:\Users\nadhe\AppData\Local\GitHubDesktop\bin;C:\Users\nadhe\AppData\Roaming\npm;C:\flutter\bin;C:\Users\nadhe\AppData\Local\Microsoft\WindowsApps;C:\Users\nadhe\AppData\Local\Programs\Microsoft VS Code\bin;

Yarn version: 
  1.22.19

Node version: 
  16.18.0

Platform: 
  win32 x64

Trace: 
  Error: getaddrinfo ENOTFOUND registry.yarnpkg.com
      at GetAddrInfoReqWrap.onlookup [as oncomplete] (node:dns:109:26)

npm manifest: 
  {
    "name": "react-starter",
    "version": "0.1.0",
    "private": true,
    "dependencies": {
      "@hookform/resolvers": "^2.9.10",
      "@testing-library/jest-dom": "^5.16.5",
      "@testing-library/react": "^13.4.0",
      "@testing-library/user-event": "^13.5.0",
      "axios": "^1.1.3",
      "framer-motion": "^7.6.6",
      "node-sass": "^7.0.3",
      "react": "^18.2.0",
      "react-dom": "^18.2.0",
      "react-hook-form": "^7.39.3",
      "react-icons": "^4.6.0",
      "react-router-dom": "^6.4.3",
      "react-scripts": "5.0.1",
      "web-vitals": "^2.1.4",
      "yup": "^0.32.11"
    },
    "scripts": {
      "start": "react-scripts start",
      "build": "react-scripts build",
      "test": "react-scripts test",
      "eject": "react-scripts eject"
    },
    "eslintConfig": {
      "extends": [
        "react-app",
        "react-app/jest"
      ]
    },
    "browserslist": {
      "production": [
        ">0.2%",
        "not dead",
        "not op_mini all"
      ],
      "development": [
        "last 1 chrome version",
        "last 1 firefox version",
        "last 1 safari version"
      ]
    }
  }

yarn manifest: 
  No manifest

Lockfile: 
  No lockfile
